\BOOKMARK [1][-]{section.1}{Introduction}{}% 1
\BOOKMARK [1][-]{section.2}{Related Work}{}% 2
\BOOKMARK [2][-]{subsection.2.1}{Trust Perception}{section.2}% 3
\BOOKMARK [2][-]{subsection.2.2}{Visualising Uncertainty}{section.2}% 4
\BOOKMARK [1][-]{section.3}{Methodology}{}% 5
\BOOKMARK [2][-]{subsection.3.1}{Study Design}{section.3}% 6
\BOOKMARK [3][-]{subsubsection.3.1.1}{User Observation}{subsection.3.1}% 7
\BOOKMARK [3][-]{subsubsection.3.1.2}{Workshops}{subsection.3.1}% 8
\BOOKMARK [2][-]{subsection.3.2}{Participants}{section.3}% 9
\BOOKMARK [2][-]{subsection.3.3}{Data Analysis Approach}{section.3}% 10
\BOOKMARK [3][-]{subsubsection.3.3.1}{Approach}{subsection.3.3}% 11
\BOOKMARK [3][-]{subsubsection.3.3.2}{Models: Coding}{subsection.3.3}% 12
\BOOKMARK [3][-]{subsubsection.3.3.3}{Tools: Thematic}{subsection.3.3}% 13
\BOOKMARK [2][-]{subsection.3.4}{Initial Findings}{section.3}% 14
\BOOKMARK [3][-]{subsubsection.3.4.1}{Data source as a key factor to confidence}{subsection.3.4}% 15
\BOOKMARK [3][-]{subsubsection.3.4.2}{Updated source of information affects confidence level overtime}{subsection.3.4}% 16
\BOOKMARK [3][-]{subsubsection.3.4.3}{Internal and known sources are more trusted than external sources}{subsection.3.4}% 17
\BOOKMARK [3][-]{subsubsection.3.4.4}{Uncertainty and Trust variables}{subsection.3.4}% 18
\BOOKMARK [3][-]{subsubsection.3.4.5}{High Confidence before Low Confidence Arrangement }{subsection.3.4}% 19
\BOOKMARK [2][-]{subsection.3.5}{Reflection}{section.3}% 20
\BOOKMARK [1][-]{section.4}{Latest Timesets Updates}{}% 21
\BOOKMARK [1][-]{section.5}{Evaluation}{}% 22
\BOOKMARK [1][-]{section.6}{Conclusion}{}% 23
